Diagnose log at 2023-05-16T15:40:26Z

AppPath: C:\Users\tonyf\Documents\Git\mingw64\bin\git-credential-manager
InstallDir: C:\Users\tonyf\Documents\Git\mingw64\bin\
Version: 2.0.935+8b4735fc7b

------------
Diagnostic: Environment
Skipped: False
Success: True
Exception: None
Log:
OSType: Windows
OSVersion: 10.0 (build 19045)
Reading environment variables... OK
 Variables:
HOMEPATH=\Users\tonyf
DriverData=C:\Windows\System32\Drivers\DriverData
COMPUTERNAME=LAPTOP-H8T4A3KV
GIT_TRACE2_PARENT_SID=796802a7-d6d6-4902-ba67-83af8f8d8f60
CommonProgramFiles(x86)=C:\Program Files (x86)\Common Files
OneDrive=C:\Users\tonyf\OneDrive
ChocolateyLastPathUpdate=133120440681211198
TMP=C:\Users\tonyf\AppData\Local\Temp
HOME=C:\Users\tonyf
PROCESSOR_REVISION=5000
PATHEXT=.COM;.EXE;.BAT;.CMD;.VBS;.VBE;.JS;.JSE;.WSF;.WSH;.MSC;.PY;.PYW;.CPL
GIT_ASKPASS=c:\Users\tonyf\AppData\Local\Programs\Microsoft VS Code\resources\app\extensions\git\dist\askpass.sh
GIT_EXEC_PATH=C:/Users/tonyf/Documents/Git/mingw64/libexec/git-core
TEMP=C:\Users\tonyf\AppData\Local\Temp
LOCALAPPDATA=C:\Users\tonyf\AppData\Local
MSYSTEM=MINGW64
TERM=xterm-256color
COLORTERM=truecolor
USERDOMAIN=LAPTOP-H8T4A3KV
ProgramFiles(x86)=C:\Program Files (x86)
Path=C:/Users/tonyf/Documents/Git/mingw64/libexec/git-core;C:\Users\tonyf\Documents\Git\mingw64\bin;C:\Users\tonyf\Documents\Git\usr\bin;C:\Users\tonyf\bin;C:\Python311\Scripts\;C:\Python311\;C:\Program Files (x86)\NVIDIA Corporation\PhysX\Common;C:\Program Files\Common Files\Oracle\Java\javapath;C:\Program Files (x86)\Common Files\Oracle\Java\javapath;C:\Program Files (x86)\VMware\VMware Player\bin\;C:\Windows\system32;C:\Windows;C:\Windows\System32\Wbem;C:\Windows\System32\WindowsPowerShell\v1.0\;C:\Windows\System32\OpenSSH\;C:\msys64\mingw64\bin;C:\Program Files\PuTTY\;C:\Program Files\nodejs\;C:\ProgramData\chocolatey\bin;C:\Users\tonyf\Documents\Git\cmd;C:\Program Files\GitHub CLI\;C:\Users\tonyf\AppData\Local\pnpm;C:\Users\tonyf\AppData\Local\Microsoft\WindowsApps;C:\Users\tonyf\AppData\Local\Programs\Microsoft VS Code\bin;C:\Users\tonyf\AppData\Roaming\npm;C:\Users\tonyf\AppData\Local\GitHubDesktop\bin;C:\Users\tonyf\Documents\Git\usr\bin;
TERM_PROGRAM=vscode
PROCESSOR_LEVEL=25
PROCESSOR_IDENTIFIER=AMD64 Family 25 Model 80 Stepping 0, AuthenticAMD
TMPDIR=C:\Users\tonyf\AppData\Local\Temp
VSCODE_GIT_ASKPASS_EXTRA_ARGS=--ms-enable-electron-run-as-node
TERM_PROGRAM_VERSION=1.78.0
VSCODE_GIT_ASKPASS_MAIN=c:\Users\tonyf\AppData\Local\Programs\Microsoft VS Code\resources\app\extensions\git\dist\askpass-main.js
PSModulePath=C:\Users\tonyf\Documents\WindowsPowerShell\Modules;C:\Program Files\WindowsPowerShell\Modules;C:\Windows\system32\WindowsPowerShell\v1.0\Modules
PUBLIC=C:\Users\Public
NUMBER_OF_PROCESSORS=12
CommonProgramFiles=C:\Program Files (x86)\Common Files
VSCODE_INJECTION=1
VSCODE_GIT_IPC_HANDLE=\\.\pipe\vscode-git-f8cf0b8d02-sock
CHROME_CRASHPAD_PIPE_NAME=\\.\pipe\LOCAL\crashpad_1704_IJVWAULBDUVNGKOO
ProgramFiles=C:\Program Files (x86)
ProgramData=C:\ProgramData
ProgramW6432=C:\Program Files
ChocolateyInstall=C:\ProgramData\chocolatey
PLINK_PROTOCOL=ssh
VSCODE_GIT_ASKPASS_NODE=C:\Users\tonyf\AppData\Local\Programs\Microsoft VS Code\Code.exe
SystemRoot=C:\Windows
ORIGINAL_XDG_CURRENT_DESKTOP=undefined
PNPM_HOME=C:\Users\tonyf\AppData\Local\pnpm
SESSIONNAME=Console
CommonProgramW6432=C:\Program Files\Common Files
LOGONSERVER=\\LAPTOP-H8T4A3KV
USERPROFILE=C:\Users\tonyf
USERDOMAIN_ROAMINGPROFILE=LAPTOP-H8T4A3KV
APPDATA=C:\Users\tonyf\AppData\Roaming
HOMEDRIVE=C:
USERNAME=tonyf
PROCESSOR_ARCHITEW6432=AMD64
PROCESSOR_ARCHITECTURE=x86
OS=Windows_NT
ComSpec=C:\Windows\system32\cmd.exe
SystemDrive=C:
windir=C:\Windows
LANG=en_US.UTF-8
ALLUSERSPROFILE=C:\ProgramData


------------
Diagnostic: File system
Skipped: False
Success: True
Exception: None
Log:
Temporary directory is 'C:\Users\tonyf\AppData\Local\Temp\'...
Checking basic file I/O...
Writing to temporary file 'C:\Users\tonyf\AppData\Local\Temp\232c4c96bec93c2f1dace3e4'... OK
Reading from temporary file 'C:\Users\tonyf\AppData\Local\Temp\232c4c96bec93c2f1dace3e4'... OK
Deleting temporary file 'C:\Users\tonyf\AppData\Local\Temp\232c4c96bec93c2f1dace3e4'... OK
Testing IFileSystem instance...
UserHomePath: C:\Users\tonyf
UserDataDirectoryPath: C:\Users\tonyf\.gcm
GetCurrentDirectory(): C:\Users\tonyf\Documents\Projects\Planaholic\planaholic

------------
Diagnostic: Networking
Skipped: False
Success: True
Exception: None
Log:
Checking networking and HTTP stack...
Creating HTTP client... OK
IsNetworkAvailable: True
Sending HEAD request to http://example.com... OK
Sending HEAD request to https://example.com... OK
Acquiring free TCP port... OK
Testing local HTTP loopback connections...
Creating new HTTP listener for http://localhost:64786/... OK
Waiting for loopback connection... OK
Writing response... OK
Waiting for response data... OK
Loopback connection data OK

------------
Diagnostic: Git
Skipped: False
Success: True
Exception: None
Log:
Getting Git version... OK
Git version is '2.40.0.windows.1'
Locating current repository... OK
Git repository at 'C:/Users/tonyf/Documents/Projects/Planaholic/planaholic/.git'
Listing all Git configuration... OK
Git configuration:
file:C:/Users/tonyf/Documents/Git/etc/gitconfig	diff.astextplain.textconv=astextplain
file:C:/Users/tonyf/Documents/Git/etc/gitconfig	filter.lfs.clean=git-lfs clean -- %f
file:C:/Users/tonyf/Documents/Git/etc/gitconfig	filter.lfs.smudge=git-lfs smudge -- %f
file:C:/Users/tonyf/Documents/Git/etc/gitconfig	filter.lfs.process=git-lfs filter-process
file:C:/Users/tonyf/Documents/Git/etc/gitconfig	filter.lfs.required=true
file:C:/Users/tonyf/Documents/Git/etc/gitconfig	http.sslbackend=openssl
file:C:/Users/tonyf/Documents/Git/etc/gitconfig	http.sslcainfo=C:/Users/tonyf/Documents/Git/mingw64/etc/ssl/certs/ca-bundle.crt
file:C:/Users/tonyf/Documents/Git/etc/gitconfig	core.autocrlf=true
file:C:/Users/tonyf/Documents/Git/etc/gitconfig	core.fscache=true
file:C:/Users/tonyf/Documents/Git/etc/gitconfig	core.symlinks=false
file:C:/Users/tonyf/Documents/Git/etc/gitconfig	pull.rebase=false
file:C:/Users/tonyf/Documents/Git/etc/gitconfig	credential.https://dev.azure.com.usehttppath=true
file:C:/Users/tonyf/Documents/Git/etc/gitconfig	init.defaultbranch=master
file:C:/Users/tonyf/.gitconfig	user.email=tonyfong12345@gmail.com
file:C:/Users/tonyf/.gitconfig	user.name=Flw5469
file:C:/Users/tonyf/.gitconfig	credential.https://github.com.helper=
file:C:/Users/tonyf/.gitconfig	credential.https://github.com.helper=!'C:\Program Files\GitHub CLI\gh.exe' auth git-credential
file:C:/Users/tonyf/.gitconfig	credential.https://gist.github.com.helper=
file:C:/Users/tonyf/.gitconfig	credential.https://gist.github.com.helper=!'C:\Program Files\GitHub CLI\gh.exe' auth git-credential
file:C:/Users/tonyf/.gitconfig	filter.lfs.process=git-lfs filter-process
file:C:/Users/tonyf/.gitconfig	filter.lfs.required=true
file:C:/Users/tonyf/.gitconfig	filter.lfs.clean=git-lfs clean -- %f
file:C:/Users/tonyf/.gitconfig	filter.lfs.smudge=git-lfs smudge -- %f
file:C:/Users/tonyf/.gitconfig	credential.helper=manager-core
file:.git/config	core.repositoryformatversion=0
file:.git/config	core.filemode=false
file:.git/config	core.bare=false
file:.git/config	core.logallrefupdates=true
file:.git/config	core.symlinks=false
file:.git/config	core.ignorecase=true
file:.git/config	remote.origin.url=https://github.com/Flw5469/Planaholic.git
file:.git/config	remote.origin.fetch=+refs/heads/*:refs/remotes/origin/*


------------
Diagnostic: Credential storage
Skipped: False
Success: True
Exception: None
Log:
ICredentialStore instance is of type: CredentialStore
Writing test credential... OK
Reading test credential... OK
Deleting test credential... OK

------------
Diagnostic: Microsoft authentication (AAD/MSA)
Skipped: False
Success: True
Exception: None
Log:
Broker not supported.
Flow type is: Auto
Gathering MSAL token cache data... OK
CacheDirectory: C:\Users\tonyf\AppData\Local\.IdentityService
CacheFileName: msal.cache
CacheFilePath: C:\Users\tonyf\AppData\Local\.IdentityService\msal.cache
Creating cache helper... OK
Verifying MSAL token cache persistence... OK

------------
Diagnostic: GitHub API
Skipped: False
Success: True
Exception: None
Log:
Using 'https://github.com/' as API target.
Querying '/meta' endpoint... OK

